Aug 30, 2018 12:51:38 AM org.apache.catalina.realm.LockOutRealm filterLockedAccounts
WARNING: An attempt was made to authenticate the locked user ""
Aug 30, 2018 12:51:39 AM org.apache.catalina.realm.LockOutRealm filterLockedAccounts
WARNING: An attempt was made to authenticate the locked user "admin"
Aug 30, 2018 12:51:39 AM org.apache.catalina.realm.LockOutRealm filterLockedAccounts
WARNING: An attempt was made to authenticate the locked user "admin"
Aug 30, 2018 12:51:39 AM org.apache.catalina.realm.LockOutRealm filterLockedAccounts
WARNING: An attempt was made to authenticate the locked user "admin"
Aug 30, 2018 12:51:39 AM org.apache.catalina.realm.LockOutRealm filterLockedAccounts
WARNING: An attempt was made to authenticate the locked user "admin"
Aug 30, 2018 12:51:39 AM org.apache.catalina.realm.LockOutRealm filterLockedAccounts
WARNING: An attempt was made to authenticate the locked user "admin"
Aug 30, 2018 12:51:39 AM org.apache.catalina.realm.LockOutRealm filterLockedAccounts
WARNING: An attempt was made to authenticate the locked user "admin"
Aug 30, 2018 12:51:40 AM org.apache.catalina.realm.LockOutRealm filterLockedAccounts
WARNING: An attempt was made to authenticate the locked user "admin"
Aug 30, 2018 12:51:40 AM org.apache.catalina.realm.LockOutRealm filterLockedAccounts
WARNING: An attempt was made to authenticate the locked user "admin"
Aug 30, 2018 12:51:40 AM org.apache.catalina.realm.LockOutRealm filterLockedAccounts
WARNING: An attempt was made to authenticate the locked user "admin"
Aug 30, 2018 12:51:40 AM org.apache.catalina.realm.LockOutRealm filterLockedAccounts
WARNING: An attempt was made to authenticate the locked user "admin"
Aug 30, 2018 12:51:40 AM org.apache.catalina.realm.LockOutRealm filterLockedAccounts
WARNING: An attempt was made to authenticate the locked user "admin"
Aug 30, 2018 12:51:40 AM org.apache.catalina.realm.LockOutRealm filterLockedAccounts
WARNING: An attempt was made to authenticate the locked user "admin"
Aug 30, 2018 12:51:40 AM org.apache.catalina.realm.LockOutRealm filterLockedAccounts
WARNING: An attempt was made to authenticate the locked user "admin"
Aug 30, 2018 12:51:41 AM org.apache.catalina.realm.LockOutRealm filterLockedAccounts
WARNING: An attempt was made to authenticate the locked user "admin"
Aug 30, 2018 12:51:41 AM org.apache.catalina.realm.LockOutRealm filterLockedAccounts
WARNING: An attempt was made to authenticate the locked user "admin"
Aug 30, 2018 12:51:41 AM org.apache.catalina.realm.LockOutRealm filterLockedAccounts
WARNING: An attempt was made to authenticate the locked user "admin"
Aug 30, 2018 12:51:41 AM org.apache.catalina.realm.LockOutRealm filterLockedAccounts
WARNING: An attempt was made to authenticate the locked user "admin"
Aug 30, 2018 12:51:41 AM org.apache.catalina.realm.LockOutRealm filterLockedAccounts
WARNING: An attempt was made to authenticate the locked user "admin"
Aug 30, 2018 12:51:41 AM org.apache.catalina.realm.LockOutRealm filterLockedAccounts
WARNING: An attempt was made to authenticate the locked user "admin"
Aug 30, 2018 12:51:42 AM org.apache.catalina.realm.LockOutRealm filterLockedAccounts
WARNING: An attempt was made to authenticate the locked user "admin"
Aug 30, 2018 12:51:42 AM org.apache.catalina.realm.LockOutRealm filterLockedAccounts
WARNING: An attempt was made to authenticate the locked user "admin"
Aug 30, 2018 12:51:42 AM org.apache.catalina.realm.LockOutRealm filterLockedAccounts
WARNING: An attempt was made to authenticate the locked user "admin"
Aug 30, 2018 12:51:42 AM org.apache.catalina.realm.LockOutRealm filterLockedAccounts
WARNING: An attempt was made to authenticate the locked user "admin"
Aug 30, 2018 12:51:42 AM org.apache.catalina.realm.LockOutRealm filterLockedAccounts
WARNING: An attempt was made to authenticate the locked user "admin"
Aug 30, 2018 12:51:42 AM org.apache.catalina.realm.LockOutRealm filterLockedAccounts
WARNING: An attempt was made to authenticate the locked user "admin"
Aug 30, 2018 12:51:43 AM org.apache.catalina.realm.LockOutRealm filterLockedAccounts
WARNING: An attempt was made to authenticate the locked user "admin"
Aug 30, 2018 12:51:43 AM org.apache.catalina.realm.LockOutRealm filterLockedAccounts
WARNING: An attempt was made to authenticate the locked user "admin"
Aug 30, 2018 12:51:43 AM org.apache.catalina.realm.LockOutRealm filterLockedAccounts
WARNING: An attempt was made to authenticate the locked user "admin"
Aug 30, 2018 12:51:43 AM org.apache.catalina.realm.LockOutRealm filterLockedAccounts
WARNING: An attempt was made to authenticate the locked user "admin"
Aug 30, 2018 12:51:43 AM org.apache.catalina.realm.LockOutRealm filterLockedAccounts
WARNING: An attempt was made to authenticate the locked user "admin"
Aug 30, 2018 12:51:43 AM org.apache.catalina.realm.LockOutRealm filterLockedAccounts
WARNING: An attempt was made to authenticate the locked user "admin"
Aug 30, 2018 12:51:43 AM org.apache.catalina.realm.LockOutRealm filterLockedAccounts
WARNING: An attempt was made to authenticate the locked user "admin"
Aug 30, 2018 12:51:44 AM org.apache.catalina.realm.LockOutRealm filterLockedAccounts
WARNING: An attempt was made to authenticate the locked user "admin"
Aug 30, 2018 12:51:44 AM org.apache.catalina.realm.LockOutRealm filterLockedAccounts
WARNING: An attempt was made to authenticate the locked user "admin"
Aug 30, 2018 12:51:44 AM org.apache.catalina.realm.LockOutRealm filterLockedAccounts
WARNING: An attempt was made to authenticate the locked user "admin"
Aug 30, 2018 12:51:44 AM org.apache.catalina.realm.LockOutRealm filterLockedAccounts
WARNING: An attempt was made to authenticate the locked user "admin"
Aug 30, 2018 12:51:44 AM org.apache.catalina.realm.LockOutRealm filterLockedAccounts
WARNING: An attempt was made to authenticate the locked user "admin"
Aug 30, 2018 12:51:45 AM org.apache.catalina.realm.LockOutRealm filterLockedAccounts
WARNING: An attempt was made to authenticate the locked user "admin"
Aug 30, 2018 12:51:45 AM org.apache.catalina.realm.LockOutRealm filterLockedAccounts
WARNING: An attempt was made to authenticate the locked user "admin"
Aug 30, 2018 12:51:45 AM org.apache.catalina.realm.LockOutRealm filterLockedAccounts
WARNING: An attempt was made to authenticate the locked user "admin"
Aug 30, 2018 12:51:45 AM org.apache.catalina.realm.LockOutRealm filterLockedAccounts
WARNING: An attempt was made to authenticate the locked user "admin"
Aug 30, 2018 12:51:45 AM org.apache.catalina.realm.LockOutRealm filterLockedAccounts
WARNING: An attempt was made to authenticate the locked user "admin"
Aug 30, 2018 12:51:45 AM org.apache.catalina.realm.LockOutRealm filterLockedAccounts
WARNING: An attempt was made to authenticate the locked user "admin"
Aug 30, 2018 12:51:46 AM org.apache.catalina.realm.LockOutRealm filterLockedAccounts
WARNING: An attempt was made to authenticate the locked user "admin"
Aug 30, 2018 12:51:46 AM org.apache.catalina.realm.LockOutRealm filterLockedAccounts
WARNING: An attempt was made to authenticate the locked user "admin"
Aug 30, 2018 12:51:46 AM org.apache.catalina.realm.LockOutRealm filterLockedAccounts
WARNING: An attempt was made to authenticate the locked user "admin"
Aug 30, 2018 12:51:46 AM org.apache.catalina.realm.LockOutRealm filterLockedAccounts
WARNING: An attempt was made to authenticate the locked user "admin"
Aug 30, 2018 12:51:46 AM org.apache.catalina.realm.LockOutRealm filterLockedAccounts
WARNING: An attempt was made to authenticate the locked user "admin"
Aug 30, 2018 12:51:47 AM org.apache.catalina.realm.LockOutRealm filterLockedAccounts
WARNING: An attempt was made to authenticate the locked user "admin"
Aug 30, 2018 12:51:47 AM org.apache.catalina.realm.LockOutRealm filterLockedAccounts
WARNING: An attempt was made to authenticate the locked user "admin"
Aug 30, 2018 12:51:47 AM org.apache.catalina.realm.LockOutRealm filterLockedAccounts
WARNING: An attempt was made to authenticate the locked user "admin"
Aug 30, 2018 12:51:47 AM org.apache.catalina.realm.LockOutRealm filterLockedAccounts
WARNING: An attempt was made to authenticate the locked user "admin"
Aug 30, 2018 12:51:47 AM org.apache.catalina.realm.LockOutRealm filterLockedAccounts
WARNING: An attempt was made to authenticate the locked user "admin"
Aug 30, 2018 12:51:48 AM org.apache.catalina.realm.LockOutRealm filterLockedAccounts
WARNING: An attempt was made to authenticate the locked user "admin"
Aug 30, 2018 12:51:48 AM org.apache.catalina.realm.LockOutRealm filterLockedAccounts
WARNING: An attempt was made to authenticate the locked user "admin"
Aug 30, 2018 12:51:48 AM org.apache.catalina.realm.LockOutRealm filterLockedAccounts
WARNING: An attempt was made to authenticate the locked user "admin"
Aug 30, 2018 12:51:48 AM org.apache.catalina.realm.LockOutRealm filterLockedAccounts
WARNING: An attempt was made to authenticate the locked user "admin"
Aug 30, 2018 12:51:48 AM org.apache.catalina.realm.LockOutRealm filterLockedAccounts
WARNING: An attempt was made to authenticate the locked user "admin"
Aug 30, 2018 12:51:48 AM org.apache.catalina.realm.LockOutRealm filterLockedAccounts
WARNING: An attempt was made to authenticate the locked user "admin"
Aug 30, 2018 12:51:48 AM org.apache.catalina.realm.LockOutRealm filterLockedAccounts
WARNING: An attempt was made to authenticate the locked user "admin"
Aug 30, 2018 12:51:49 AM org.apache.catalina.realm.LockOutRealm filterLockedAccounts
WARNING: An attempt was made to authenticate the locked user "admin"
Aug 30, 2018 12:51:49 AM org.apache.catalina.realm.LockOutRealm filterLockedAccounts
WARNING: An attempt was made to authenticate the locked user "admin"
Aug 30, 2018 12:51:49 AM org.apache.catalina.realm.LockOutRealm filterLockedAccounts
WARNING: An attempt was made to authenticate the locked user "admin"
Aug 30, 2018 12:51:49 AM org.apache.catalina.realm.LockOutRealm filterLockedAccounts
WARNING: An attempt was made to authenticate the locked user "admin"
Aug 30, 2018 12:51:49 AM org.apache.catalina.realm.LockOutRealm filterLockedAccounts
WARNING: An attempt was made to authenticate the locked user "admin"
Aug 30, 2018 12:51:49 AM org.apache.catalina.realm.LockOutRealm filterLockedAccounts
WARNING: An attempt was made to authenticate the locked user "admin"
Aug 30, 2018 12:51:50 AM org.apache.catalina.realm.LockOutRealm filterLockedAccounts
WARNING: An attempt was made to authenticate the locked user "admin"
Aug 30, 2018 12:51:50 AM org.apache.catalina.realm.LockOutRealm filterLockedAccounts
WARNING: An attempt was made to authenticate the locked user "admin"
Aug 30, 2018 12:51:50 AM org.apache.catalina.realm.LockOutRealm filterLockedAccounts
WARNING: An attempt was made to authenticate the locked user "admin"
Aug 30, 2018 12:51:50 AM org.apache.catalina.realm.LockOutRealm filterLockedAccounts
WARNING: An attempt was made to authenticate the locked user "admin"
Aug 30, 2018 12:51:50 AM org.apache.catalina.realm.LockOutRealm filterLockedAccounts
WARNING: An attempt was made to authenticate the locked user "admin"
Aug 30, 2018 12:51:50 AM org.apache.catalina.realm.LockOutRealm filterLockedAccounts
WARNING: An attempt was made to authenticate the locked user "admin"
Aug 30, 2018 12:51:50 AM org.apache.catalina.realm.LockOutRealm filterLockedAccounts
WARNING: An attempt was made to authenticate the locked user "admin"
Aug 30, 2018 12:51:51 AM org.apache.catalina.realm.LockOutRealm filterLockedAccounts
WARNING: An attempt was made to authenticate the locked user "admin"
Aug 30, 2018 12:51:51 AM org.apache.catalina.realm.LockOutRealm filterLockedAccounts
WARNING: An attempt was made to authenticate the locked user "admin"
Aug 30, 2018 12:51:51 AM org.apache.catalina.realm.LockOutRealm filterLockedAccounts
WARNING: An attempt was made to authenticate the locked user "admin"
Aug 30, 2018 12:51:51 AM org.apache.catalina.realm.LockOutRealm filterLockedAccounts
WARNING: An attempt was made to authenticate the locked user "admin"
Aug 30, 2018 12:51:51 AM org.apache.catalina.realm.LockOutRealm filterLockedAccounts
WARNING: An attempt was made to authenticate the locked user "admin"
Aug 30, 2018 12:51:51 AM org.apache.catalina.realm.LockOutRealm filterLockedAccounts
WARNING: An attempt was made to authenticate the locked user "admin"
Aug 30, 2018 12:51:51 AM org.apache.catalina.realm.LockOutRealm filterLockedAccounts
WARNING: An attempt was made to authenticate the locked user "admin"
Aug 30, 2018 12:51:52 AM org.apache.catalina.realm.LockOutRealm filterLockedAccounts
WARNING: An attempt was made to authenticate the locked user "admin"
Aug 30, 2018 12:51:52 AM org.apache.catalina.realm.LockOutRealm filterLockedAccounts
WARNING: An attempt was made to authenticate the locked user "admin"
Aug 30, 2018 12:51:52 AM org.apache.catalina.realm.LockOutRealm filterLockedAccounts
WARNING: An attempt was made to authenticate the locked user "admin"
Aug 30, 2018 12:51:52 AM org.apache.catalina.realm.LockOutRealm filterLockedAccounts
WARNING: An attempt was made to authenticate the locked user "admin"
Aug 30, 2018 12:51:52 AM org.apache.catalina.realm.LockOutRealm filterLockedAccounts
WARNING: An attempt was made to authenticate the locked user "admin"
Aug 30, 2018 12:51:52 AM org.apache.catalina.realm.LockOutRealm filterLockedAccounts
WARNING: An attempt was made to authenticate the locked user "admin"
Aug 30, 2018 12:51:52 AM org.apache.catalina.realm.LockOutRealm filterLockedAccounts
WARNING: An attempt was made to authenticate the locked user "admin"
Aug 30, 2018 12:51:52 AM org.apache.catalina.realm.LockOutRealm filterLockedAccounts
WARNING: An attempt was made to authenticate the locked user "admin"
Aug 30, 2018 12:51:53 AM org.apache.catalina.realm.LockOutRealm filterLockedAccounts
WARNING: An attempt was made to authenticate the locked user "admin"
Aug 30, 2018 12:51:53 AM org.apache.catalina.realm.LockOutRealm filterLockedAccounts
WARNING: An attempt was made to authenticate the locked user "admin"
Aug 30, 2018 12:51:53 AM org.apache.catalina.realm.LockOutRealm filterLockedAccounts
WARNING: An attempt was made to authenticate the locked user "admin"
Aug 30, 2018 12:51:53 AM org.apache.catalina.realm.LockOutRealm filterLockedAccounts
WARNING: An attempt was made to authenticate the locked user "admin"
Aug 30, 2018 12:51:53 AM org.apache.catalina.realm.LockOutRealm filterLockedAccounts
WARNING: An attempt was made to authenticate the locked user "admin"
Aug 30, 2018 12:51:53 AM org.apache.catalina.realm.LockOutRealm filterLockedAccounts
WARNING: An attempt was made to authenticate the locked user "admin"
Aug 30, 2018 12:51:53 AM org.apache.catalina.realm.LockOutRealm filterLockedAccounts
WARNING: An attempt was made to authenticate the locked user "admin"
Aug 30, 2018 3:36:43 AM org.apache.catalina.realm.LockOutRealm filterLockedAccounts
WARNING: An attempt was made to authenticate the locked user "admin"
Aug 30, 2018 3:36:43 AM org.apache.catalina.realm.LockOutRealm filterLockedAccounts
WARNING: An attempt was made to authenticate the locked user "admin"
Aug 30, 2018 3:36:44 AM org.apache.catalina.realm.LockOutRealm filterLockedAccounts
WARNING: An attempt was made to authenticate the locked user "admin"
Aug 30, 2018 3:36:44 AM org.apache.catalina.realm.LockOutRealm filterLockedAccounts
WARNING: An attempt was made to authenticate the locked user "tomcat"
Aug 30, 2018 3:36:45 AM org.apache.catalina.realm.LockOutRealm filterLockedAccounts
WARNING: An attempt was made to authenticate the locked user "tomcat"
Aug 30, 2018 3:36:45 AM org.apache.catalina.realm.LockOutRealm filterLockedAccounts
WARNING: An attempt was made to authenticate the locked user "tomcat"
Aug 30, 2018 3:36:46 AM org.apache.catalina.realm.LockOutRealm filterLockedAccounts
WARNING: An attempt was made to authenticate the locked user "manager"
Aug 30, 2018 3:36:46 AM org.apache.catalina.realm.LockOutRealm filterLockedAccounts
WARNING: An attempt was made to authenticate the locked user "manager"
Aug 30, 2018 3:36:46 AM org.apache.catalina.realm.LockOutRealm filterLockedAccounts
WARNING: An attempt was made to authenticate the locked user "manager"
Aug 30, 2018 3:36:47 AM org.apache.catalina.realm.LockOutRealm filterLockedAccounts
WARNING: An attempt was made to authenticate the locked user "root"
Aug 30, 2018 3:36:47 AM org.apache.catalina.realm.LockOutRealm filterLockedAccounts
WARNING: An attempt was made to authenticate the locked user "root"
Aug 30, 2018 3:36:47 AM org.apache.catalina.realm.LockOutRealm filterLockedAccounts
WARNING: An attempt was made to authenticate the locked user "root"
Aug 30, 2018 3:36:48 AM org.apache.catalina.realm.LockOutRealm filterLockedAccounts
WARNING: An attempt was made to authenticate the locked user "user"
Aug 30, 2018 3:36:48 AM org.apache.catalina.realm.LockOutRealm filterLockedAccounts
WARNING: An attempt was made to authenticate the locked user "user"
Aug 30, 2018 3:36:48 AM org.apache.catalina.realm.LockOutRealm filterLockedAccounts
WARNING: An attempt was made to authenticate the locked user "user"
Aug 30, 2018 3:36:49 AM org.apache.catalina.realm.LockOutRealm filterLockedAccounts
WARNING: An attempt was made to authenticate the locked user "name"
Aug 30, 2018 3:36:49 AM org.apache.catalina.realm.LockOutRealm filterLockedAccounts
WARNING: An attempt was made to authenticate the locked user "name"
Aug 30, 2018 3:36:49 AM org.apache.catalina.realm.LockOutRealm filterLockedAccounts
WARNING: An attempt was made to authenticate the locked user "name"
Aug 30, 2018 6:34:14 AM org.apache.coyote.http11.AbstractHttp11Processor process
INFO: Error parsing HTTP request header
 Note: further occurrences of HTTP header parsing errors will be logged at DEBUG level.
java.lang.IllegalArgumentException: Invalid character found in method name. HTTP method names must be tokens
	at org.apache.coyote.http11.InternalInputBuffer.parseRequestLine(InternalInputBuffer.java:140)
	at org.apache.coyote.http11.AbstractHttp11Processor.process(AbstractHttp11Processor.java:1049)
	at org.apache.coyote.AbstractProtocol$AbstractConnectionHandler.process(AbstractProtocol.java:637)
	at org.apache.tomcat.util.net.JIoEndpoint$SocketProcessor.run(JIoEndpoint.java:316)
	at java.util.concurrent.ThreadPoolExecutor.runWorker(ThreadPoolExecutor.java:1149)
	at java.util.concurrent.ThreadPoolExecutor$Worker.run(ThreadPoolExecutor.java:624)
	at org.apache.tomcat.util.threads.TaskThread$WrappingRunnable.run(TaskThread.java:61)
	at java.lang.Thread.run(Thread.java:748)

Aug 30, 2018 6:43:43 AM org.apache.coyote.http11.AbstractHttp11Processor process
INFO: Error parsing HTTP request header
 Note: further occurrences of HTTP header parsing errors will be logged at DEBUG level.
java.lang.IllegalArgumentException: Invalid character found in method name. HTTP method names must be tokens
	at org.apache.coyote.http11.InternalInputBuffer.parseRequestLine(InternalInputBuffer.java:140)
	at org.apache.coyote.http11.AbstractHttp11Processor.process(AbstractHttp11Processor.java:1049)
	at org.apache.coyote.AbstractProtocol$AbstractConnectionHandler.process(AbstractProtocol.java:637)
	at org.apache.tomcat.util.net.JIoEndpoint$SocketProcessor.run(JIoEndpoint.java:316)
	at java.util.concurrent.ThreadPoolExecutor.runWorker(ThreadPoolExecutor.java:1149)
	at java.util.concurrent.ThreadPoolExecutor$Worker.run(ThreadPoolExecutor.java:624)
	at org.apache.tomcat.util.threads.TaskThread$WrappingRunnable.run(TaskThread.java:61)
	at java.lang.Thread.run(Thread.java:748)

Aug 30, 2018 12:13:01 PM org.apache.catalina.core.StandardServer await
INFO: A valid shutdown command was received via the shutdown port. Stopping the Server instance.
Aug 30, 2018 12:13:01 PM org.apache.coyote.AbstractProtocol pause
INFO: Pausing ProtocolHandler ["http-bio-8080"]
Aug 30, 2018 12:13:01 PM org.apache.coyote.AbstractProtocol pause
INFO: Pausing ProtocolHandler ["http-bio-443"]
Aug 30, 2018 12:13:02 PM org.apache.coyote.AbstractProtocol pause
INFO: Pausing ProtocolHandler ["ajp-bio-8009"]
Aug 30, 2018 12:13:02 PM org.apache.catalina.core.StandardService stopInternal
INFO: Stopping service Catalina
Aug 30, 2018 12:13:02 PM org.springframework.context.support.AbstractApplicationContext doClose
INFO: Closing org.springframework.boot.web.servlet.context.AnnotationConfigServletWebServerApplicationContext@288a694b: startup date [Mon Aug 13 16:16:27 CST 2018]; root of context hierarchy
Aug 30, 2018 12:13:02 PM org.springframework.jmx.export.MBeanExporter destroy
INFO: Unregistering JMX-exposed beans on shutdown
Aug 30, 2018 12:13:02 PM org.apache.catalina.loader.WebappClassLoaderBase clearReferencesJdbc
SEVERE: The web application [/stock] registered the JDBC driver [com.mysql.jdbc.Driver] but failed to unregister it when the web application was stopped. To prevent a memory leak, the JDBC Driver has been forcibly unregistered.
Aug 30, 2018 12:13:02 PM org.apache.catalina.loader.WebappClassLoaderBase clearReferencesThreads
SEVERE: The web application [/stock] appears to have started a thread named [Abandoned connection cleanup thread] but has failed to stop it. This is very likely to create a memory leak.
Aug 30, 2018 12:13:02 PM org.apache.coyote.AbstractProtocol stop
INFO: Stopping ProtocolHandler ["http-bio-8080"]
Aug 30, 2018 12:13:02 PM org.apache.coyote.AbstractProtocol stop
INFO: Stopping ProtocolHandler ["http-bio-443"]
Aug 30, 2018 12:13:02 PM org.apache.coyote.AbstractProtocol stop
INFO: Stopping ProtocolHandler ["ajp-bio-8009"]
Aug 30, 2018 12:13:02 PM org.apache.coyote.AbstractProtocol destroy
INFO: Destroying ProtocolHandler ["http-bio-8080"]
Aug 30, 2018 12:13:02 PM org.apache.coyote.AbstractProtocol destroy
INFO: Destroying ProtocolHandler ["http-bio-443"]
Aug 30, 2018 12:13:02 PM org.apache.coyote.AbstractProtocol destroy
INFO: Destroying ProtocolHandler ["ajp-bio-8009"]
Aug 30, 2018 12:15:24 PM org.apache.catalina.startup.VersionLoggerListener log
INFO: Server version:        Apache Tomcat/7.0.90
Aug 30, 2018 12:15:24 PM org.apache.catalina.startup.VersionLoggerListener log
INFO: Server built:          Jul 2 2018 17:05:37 UTC
Aug 30, 2018 12:15:24 PM org.apache.catalina.startup.VersionLoggerListener log
INFO: Server number:         7.0.90.0
Aug 30, 2018 12:15:24 PM org.apache.catalina.startup.VersionLoggerListener log
INFO: OS Name:               Linux
Aug 30, 2018 12:15:24 PM org.apache.catalina.startup.VersionLoggerListener log
INFO: OS Version:            3.10.0-693.el7.x86_64
Aug 30, 2018 12:15:24 PM org.apache.catalina.startup.VersionLoggerListener log
INFO: Architecture:          amd64
Aug 30, 2018 12:15:24 PM org.apache.catalina.startup.VersionLoggerListener log
INFO: Java Home:             /usr/lib/jvm/java-1.8.0-openjdk-1.8.0.181-3.b13.el7_5.x86_64/jre
Aug 30, 2018 12:15:24 PM org.apache.catalina.startup.VersionLoggerListener log
INFO: JVM Version:           1.8.0_181-b13
Aug 30, 2018 12:15:24 PM org.apache.catalina.startup.VersionLoggerListener log
INFO: JVM Vendor:            Oracle Corporation
Aug 30, 2018 12:15:24 PM org.apache.catalina.startup.VersionLoggerListener log
INFO: CATALINA_BASE:         /var/ftp/apache-tomcat-7.0.90
Aug 30, 2018 12:15:24 PM org.apache.catalina.startup.VersionLoggerListener log
INFO: CATALINA_HOME:         /var/ftp/apache-tomcat-7.0.90
Aug 30, 2018 12:15:24 PM org.apache.catalina.startup.VersionLoggerListener log
INFO: Command line argument: -Djava.util.logging.config.file=/var/ftp/apache-tomcat-7.0.90/conf/logging.properties
Aug 30, 2018 12:15:24 PM org.apache.catalina.startup.VersionLoggerListener log
INFO: Command line argument: -Djava.util.logging.manager=org.apache.juli.ClassLoaderLogManager
Aug 30, 2018 12:15:24 PM org.apache.catalina.startup.VersionLoggerListener log
INFO: Command line argument: -Djdk.tls.ephemeralDHKeySize=2048
Aug 30, 2018 12:15:24 PM org.apache.catalina.startup.VersionLoggerListener log
INFO: Command line argument: -Dignore.endorsed.dirs=
Aug 30, 2018 12:15:24 PM org.apache.catalina.startup.VersionLoggerListener log
INFO: Command line argument: -Dcatalina.base=/var/ftp/apache-tomcat-7.0.90
Aug 30, 2018 12:15:24 PM org.apache.catalina.startup.VersionLoggerListener log
INFO: Command line argument: -Dcatalina.home=/var/ftp/apache-tomcat-7.0.90
Aug 30, 2018 12:15:24 PM org.apache.catalina.startup.VersionLoggerListener log
INFO: Command line argument: -Djava.io.tmpdir=/var/ftp/apache-tomcat-7.0.90/temp
Aug 30, 2018 12:15:24 PM org.apache.catalina.core.AprLifecycleListener lifecycleEvent
INFO: The APR based Apache Tomcat Native library which allows optimal performance in production environments was not found on the java.library.path: /usr/java/packages/lib/amd64:/usr/lib64:/lib64:/lib:/usr/lib
Aug 30, 2018 12:15:25 PM org.apache.coyote.AbstractProtocol init
INFO: Initializing ProtocolHandler ["http-bio-8080"]
Aug 30, 2018 12:15:25 PM org.apache.coyote.AbstractProtocol init
INFO: Initializing ProtocolHandler ["http-bio-443"]
Aug 30, 2018 12:15:25 PM org.apache.coyote.AbstractProtocol init
INFO: Initializing ProtocolHandler ["ajp-bio-8009"]
Aug 30, 2018 12:15:25 PM org.apache.catalina.startup.Catalina load
INFO: Initialization processed in 2545 ms
Aug 30, 2018 12:15:25 PM org.apache.catalina.core.StandardService startInternal
INFO: Starting service Catalina
Aug 30, 2018 12:15:25 PM org.apache.catalina.core.StandardEngine startInternal
INFO: Starting Servlet Engine: Apache Tomcat/7.0.90
Aug 30, 2018 12:15:25 PM org.apache.catalina.startup.HostConfig deployWAR
INFO: Deploying web application archive /var/ftp/apache-tomcat-7.0.90/webapps/stock.war
Aug 30, 2018 12:15:30 PM org.apache.catalina.startup.TldConfig execute
INFO: At least one JAR was scanned for TLDs yet contained no TLDs. Enable debug logging for this logger for a complete list of JARs that were scanned but no TLDs were found in them. Skipping unneeded JARs during scanning can improve startup time and JSP compilation time.
Aug 30, 2018 12:15:32 PM org.springframework.boot.StartupInfoLogger logStarting
INFO: Starting Application on VM_0_15_centos with PID 31866 (/var/ftp/apache-tomcat-7.0.90/webapps/stock/WEB-INF/classes started by root in /var/ftp/apache-tomcat-7.0.90/bin)
Aug 30, 2018 12:15:32 PM org.springframework.boot.SpringApplication logStartupProfileInfo
INFO: No active profile set, falling back to default profiles: default
Aug 30, 2018 12:15:32 PM org.springframework.context.support.AbstractApplicationContext prepareRefresh
INFO: Refreshing org.springframework.boot.web.servlet.context.AnnotationConfigServletWebServerApplicationContext@42bbbd3f: startup date [Thu Aug 30 12:15:32 CST 2018]; root of context hierarchy
Aug 30, 2018 12:15:35 PM org.springframework.boot.web.servlet.context.ServletWebServerApplicationContext prepareWebApplicationContext
INFO: Root WebApplicationContext: initialization completed in 2653 ms
Aug 30, 2018 12:15:36 PM org.springframework.boot.web.servlet.ServletRegistrationBean addRegistration
INFO: Servlet dispatcherServlet mapped to [/]
Aug 30, 2018 12:15:36 PM org.springframework.boot.web.servlet.AbstractFilterRegistrationBean configure
INFO: Mapping filter: 'characterEncodingFilter' to: [/*]
Aug 30, 2018 12:15:36 PM org.springframework.boot.web.servlet.AbstractFilterRegistrationBean configure
INFO: Mapping filter: 'errorPageFilter' to: [/*]
Aug 30, 2018 12:15:36 PM org.springframework.boot.web.servlet.AbstractFilterRegistrationBean configure
INFO: Mapping filter: 'hiddenHttpMethodFilter' to: [/*]
Aug 30, 2018 12:15:36 PM org.springframework.boot.web.servlet.AbstractFilterRegistrationBean configure
INFO: Mapping filter: 'httpPutFormContentFilter' to: [/*]
Aug 30, 2018 12:15:36 PM org.springframework.boot.web.servlet.AbstractFilterRegistrationBean configure
INFO: Mapping filter: 'requestContextFilter' to: [/*]
Aug 30, 2018 12:15:36 PM org.springframework.web.servlet.handler.AbstractUrlHandlerMapping registerHandler
INFO: Mapped URL path [/**/favicon.ico] onto handler of type [class org.springframework.web.servlet.resource.ResourceHttpRequestHandler]
Aug 30, 2018 12:15:37 PM org.springframework.web.servlet.mvc.method.annotation.RequestMappingHandlerAdapter initControllerAdviceCache
INFO: Looking for @ControllerAdvice: org.springframework.boot.web.servlet.context.AnnotationConfigServletWebServerApplicationContext@42bbbd3f: startup date [Thu Aug 30 12:15:32 CST 2018]; root of context hierarchy
Aug 30, 2018 12:15:37 PM org.springframework.web.servlet.handler.AbstractHandlerMethodMapping$MappingRegistry register
INFO: Mapped "{[/greeting]}" onto public hello.Greeting hello.GreetingController.greeting(java.lang.String)
Aug 30, 2018 12:15:37 PM org.springframework.web.servlet.handler.AbstractHandlerMethodMapping$MappingRegistry register
INFO: Mapped "{[/getInfo]}" onto public java.util.List<hello.Info> hello.GreetingController.getInfo()
Aug 30, 2018 12:15:37 PM org.springframework.web.servlet.handler.AbstractHandlerMethodMapping$MappingRegistry register
INFO: Mapped "{[/initialDatabase]}" onto public void hello.GreetingController.initial()
Aug 30, 2018 12:15:37 PM org.springframework.web.servlet.handler.AbstractHandlerMethodMapping$MappingRegistry register
INFO: Mapped "{[/startGettingInfo]}" onto public void hello.GreetingController.start()
Aug 30, 2018 12:15:37 PM org.springframework.web.servlet.handler.AbstractHandlerMethodMapping$MappingRegistry register
INFO: Mapped "{[/error],produces=[text/html]}" onto public org.springframework.web.servlet.ModelAndView org.springframework.boot.autoconfigure.web.servlet.error.BasicErrorController.errorHtml(javax.servlet.http.HttpServletRequest,javax.servlet.http.HttpServletResponse)
Aug 30, 2018 12:15:37 PM org.springframework.web.servlet.handler.AbstractHandlerMethodMapping$MappingRegistry register
INFO: Mapped "{[/error]}" onto public org.springframework.http.ResponseEntity<java.util.Map<java.lang.String, java.lang.Object>> org.springframework.boot.autoconfigure.web.servlet.error.BasicErrorController.error(javax.servlet.http.HttpServletRequest)
Aug 30, 2018 12:15:37 PM org.springframework.web.servlet.handler.AbstractUrlHandlerMapping registerHandler
INFO: Mapped URL path [/webjars/**] onto handler of type [class org.springframework.web.servlet.resource.ResourceHttpRequestHandler]
Aug 30, 2018 12:15:37 PM org.springframework.web.servlet.handler.AbstractUrlHandlerMapping registerHandler
INFO: Mapped URL path [/**] onto handler of type [class org.springframework.web.servlet.resource.ResourceHttpRequestHandler]
Aug 30, 2018 12:15:38 PM org.springframework.jmx.export.MBeanExporter afterSingletonsInstantiated
INFO: Registering beans for JMX exposure on startup
Aug 30, 2018 12:15:38 PM org.springframework.boot.StartupInfoLogger logStarted
INFO: Started Application in 7.153 seconds (JVM running for 15.677)
Aug 30, 2018 12:15:38 PM org.apache.catalina.startup.HostConfig deployWAR
INFO: Deployment of web application archive /var/ftp/apache-tomcat-7.0.90/webapps/stock.war has finished in 12,672 ms
Aug 30, 2018 12:15:38 PM org.apache.catalina.startup.HostConfig deployDirectory
INFO: Deploying web application directory /var/ftp/apache-tomcat-7.0.90/webapps/host-manager
Aug 30, 2018 12:15:38 PM org.apache.catalina.startup.HostConfig deployDirectory
INFO: Deployment of web application directory /var/ftp/apache-tomcat-7.0.90/webapps/host-manager has finished in 175 ms
Aug 30, 2018 12:15:38 PM org.apache.catalina.startup.HostConfig deployDirectory
INFO: Deploying web application directory /var/ftp/apache-tomcat-7.0.90/webapps/ROOT
Aug 30, 2018 12:15:38 PM org.apache.catalina.startup.HostConfig deployDirectory
INFO: Deployment of web application directory /var/ftp/apache-tomcat-7.0.90/webapps/ROOT has finished in 49 ms
Aug 30, 2018 12:15:38 PM org.apache.catalina.startup.HostConfig deployDirectory
INFO: Deploying web application directory /var/ftp/apache-tomcat-7.0.90/webapps/docs
Aug 30, 2018 12:15:38 PM org.apache.catalina.startup.HostConfig deployDirectory
INFO: Deployment of web application directory /var/ftp/apache-tomcat-7.0.90/webapps/docs has finished in 79 ms
Aug 30, 2018 12:15:38 PM org.apache.catalina.startup.HostConfig deployDirectory
INFO: Deploying web application directory /var/ftp/apache-tomcat-7.0.90/webapps/manager
Aug 30, 2018 12:15:38 PM org.apache.catalina.startup.HostConfig deployDirectory
INFO: Deployment of web application directory /var/ftp/apache-tomcat-7.0.90/webapps/manager has finished in 96 ms
Aug 30, 2018 12:15:38 PM org.apache.catalina.startup.HostConfig deployDirectory
INFO: Deploying web application directory /var/ftp/apache-tomcat-7.0.90/webapps/examples
Aug 30, 2018 12:15:40 PM org.apache.catalina.startup.HostConfig deployDirectory
INFO: Deployment of web application directory /var/ftp/apache-tomcat-7.0.90/webapps/examples has finished in 1,708 ms
Aug 30, 2018 12:15:40 PM org.apache.coyote.AbstractProtocol start
INFO: Starting ProtocolHandler ["http-bio-8080"]
Aug 30, 2018 12:15:40 PM org.apache.coyote.AbstractProtocol start
INFO: Starting ProtocolHandler ["http-bio-443"]
Aug 30, 2018 12:15:40 PM org.apache.coyote.AbstractProtocol start
INFO: Starting ProtocolHandler ["ajp-bio-8009"]
Aug 30, 2018 12:15:40 PM org.apache.catalina.startup.Catalina start
INFO: Server startup in 15378 ms
Aug 30, 2018 12:17:39 PM org.springframework.web.servlet.FrameworkServlet initServletBean
INFO: FrameworkServlet 'dispatcherServlet': initialization started
Aug 30, 2018 12:17:40 PM org.springframework.web.servlet.FrameworkServlet initServletBean
INFO: FrameworkServlet 'dispatcherServlet': initialization completed in 43 ms
